<?xml version="1.0" encoding="UTF-8"?>
<!-- Generated by org.testng.reporters.JUnitReportReporter -->
<testsuite skipped="0" hostname="ShopUps-MacBook-Pro-3.local" name="DataProviderTest" tests="1" failures="0" timestamp="28 Jan 2023 12:24:37 GMT" time="13.565" errors="0">
  <testcase name="fireFoxTest" time="13.565" classname="DataProviderTest"/>
</testsuite> <!-- DataProviderTest -->
