<?xml version="1.0" encoding="UTF-8"?>
<!-- Generated by org.testng.reporters.JUnitReportReporter -->
<testsuite skipped="0" hostname="ShopUps-MacBook-Pro-3.local" name="TestRunner.CucumberRunnerTests" tests="1" failures="0" timestamp="2023-02-10T17:29:07 BDT" time="22.239" errors="0">
  <testcase name="runScenario" time="22.239" classname="TestRunner.CucumberRunnerTests"/>
  <system-out/>
</testsuite> <!-- TestRunner.CucumberRunnerTests -->
