<?xml version="1.0" encoding="UTF-8"?>
<!-- Generated by org.testng.reporters.JUnitReportReporter -->
<testsuite skipped="0" hostname="ShopUps-MacBook-Pro-3.local" name="MultiBrowser" tests="2" failures="0" timestamp="28 Jan 2023 12:17:05 GMT" time="14.461" errors="0">
  <testcase name="test" time="7.034" classname="MultiBrowser"/>
  <testcase name="test" time="7.427" classname="MultiBrowser"/>
</testsuite> <!-- MultiBrowser -->
