<?xml version="1.0" encoding="UTF-8"?>
<testsuite name="DataProviderTest" tests="1" skipped="0" failures="0" errors="0" timestamp="2023-01-28T12:24:23" hostname="ShopUps-MacBook-Pro-3.local" time="13.565">
  <properties/>
  <testcase name="fireFoxTest[0](egg)" classname="DataProviderTest" time="13.565"/>
  <system-out><![CDATA[]]></system-out>
  <system-err><![CDATA[SLF4J: Failed to load class "org.slf4j.impl.StaticLoggerBinder".
SLF4J: Defaulting to no-operation (NOP) logger implementation
SLF4J: See http://www.slf4j.org/codes.html#StaticLoggerBinder for further details.
1674908664783	geckodriver	INFO	Listening on 127.0.0.1:57818
1674908665202	mozrunner::runner	INFO	Running command: "/Applications/Firefox.app/Contents/MacOS/firefox-bin" "--marionette" "--remote-debugging-port" "53211" "--remote-allow-hosts" "localhost" "-foreground" "-no-remote" "-profile" "/var/folders/rh/001fw9850fx6vqmv7l5fczp40000gn/T/rust_mozprofilem9mB0j"
1674908665827	Marionette	INFO	Marionette enabled
1674908665922	Marionette	INFO	Listening on port 56345
Read port: 56345
2023-01-28 18:24:25.995 plugin-container[822:9987476] nil host used in call to allowsSpecificHTTPSCertificateForHost
2023-01-28 18:24:25.996 plugin-container[822:9987476] nil host used in call to allowsAnyHTTPSCertificateForHost:
2023-01-28 18:24:26.001 plugin-container[822:9987476] nil host used in call to allowsSpecificHTTPSCertificateForHost
2023-01-28 18:24:26.001 plugin-container[822:9987476] nil host used in call to allowsAnyHTTPSCertificateForHost:
2023-01-28 18:24:26.001 plugin-container[822:9987478] nil host used in call to allowsSpecificHTTPSCertificateForHost
2023-01-28 18:24:26.002 plugin-container[822:9987478] nil host used in call to allowsAnyHTTPSCertificateForHost:
WebDriver BiDi listening on ws://127.0.0.1:53211
1674908666503	RemoteAgent	WARN	TLS certificate errors will be ignored for this session
console.warn: SearchSettings: "get: No settings file exists, new profile?" (new NotFoundError("Could not open the file at /var/folders/rh/001fw9850fx6vqmv7l5fczp40000gn/T/rust_mozprofilem9mB0j/search.json.mozlz4", (void 0)))
DevTools listening on ws://127.0.0.1:53211/devtools/browser/6eacb7e0-ea55-4228-ad95-373264cb3eb4
Jan 28, 2023 6:24:28 PM org.openqa.selenium.remote.ProtocolHandshake createSession
INFO: Detected dialect: W3C
console.error: Region.sys.mjs: "Error fetching region" (new Error("TIMEOUT", "resource://gre/modules/Region.sys.mjs", 764))
console.error: Region.sys.mjs: "Failed to fetch region" (new Error("TIMEOUT", "resource://gre/modules/Region.sys.mjs", 416))
console.error: (new TypeError("lazy.AsyncShutdown.profileBeforeChange is undefined", "resource://services-settings/Database.jsm", 510))
console.warn: LoginRecipes: "Falling back to a synchronous message for: https://chaldal.com."
2023-01-28 12:24:37.406 plugin-container[981:9988810] nil host used in call to allowsSpecificHTTPSCertificateForHost
2023-01-28 12:24:37.406 plugin-container[981:9988810] nil host used in call to allowsAnyHTTPSCertificateForHost:
2023-01-28 12:24:37.414 plugin-container[981:9988810] nil host used in call to allowsSpecificHTTPSCertificateForHost
2023-01-28 12:24:37.414 plugin-container[981:9988810] nil host used in call to allowsAnyHTTPSCertificateForHost:
2023-01-28 12:24:37.415 plugin-container[981:9988842] nil host used in call to allowsSpecificHTTPSCertificateForHost
2023-01-28 12:24:37.415 plugin-container[981:9988842] nil host used in call to allowsAnyHTTPSCertificateForHost:
]]></system-err>
</testsuite>
