<?xml version="1.0" encoding="UTF-8"?>
<!-- Generated by org.testng.reporters.JUnitReportReporter -->
<testsuite hostname="ShopUps-MacBook-Pro-3.local" failures="0" tests="2" name="ParallelTest" time="59.200" errors="0" timestamp="27 Jan 2023 11:40:59 GMT" skipped="0">
  <testcase classname="ParallelTest" name="fireFoxTest" time="19.326"/>
  <testcase classname="ParallelTest" name="chromeTest" time="39.874"/>
</testsuite> <!-- ParallelTest -->
